2026-01-11T22:34:42 | touched: README.md
2025-10-29T13:33:33 | touched: src/lib.rs
2025-02-17T13:23:47 | touched: LICENSE
2026-01-05T09:08:59 | touched: Cargo.toml
2025-05-24T03:22:16 | touched: Cargo.toml
2026-01-08T00:52:51 | touched: src/lib.rs
2025-02-10T15:03:58 | touched: src/main.rs
2025-01-04T05:04:45 | touched: src/main.rs
2025-10-04T15:19:03 | touched: src/main.rs
2025-07-30T02:11:23 | touched: src/main.rs
2025-07-11T06:30:17 | touched: src/main.rs
2025-06-04T19:24:31 | touched: README.md
2025-07-07T00:43:21 | touched: src/main.rs
2025-01-26T15:12:35 | touched: Cargo.toml
2025-07-13T20:51:11 | touched: src/lib.rs
2025-10-01T17:24:07 | touched: LICENSE
2025-07-24T18:48:48 | touched: README.md
2025-11-29T05:00:05 | touched: src/lib.rs
2025-10-05T21:13:52 | touched: src/main.rs
2025-08-30T16:32:37 | touched: src/main.rs
2025-06-13T05:34:42 | touched: LICENSE
2025-12-17T08:33:24 | touched: LICENSE
